Determining if the pthread_create exist failed with the following output:
Change Dir: /home/marion/catkin_ws/build/CMakeFiles/CMakeTmp

Run Build Command:/usr/bin/make "cmTryCompileExec164287606/fast"
/usr/bin/make -f CMakeFiles/cmTryCompileExec164287606.dir/build.make CMakeFiles/cmTryCompileExec164287606.dir/build
make[1]: entrant dans le répertoire « /home/marion/catkin_ws/build/CMakeFiles/CMakeTmp »
/usr/bin/cmake -E cmake_progress_report /home/marion/catkin_ws/build/CMakeFiles/CMakeTmp/CMakeFiles 1
Building C object CMakeFiles/cmTryCompileExec164287606.dir/CheckSymbolExists.c.o
/usr/bin/cc    -o CMakeFiles/cmTryCompileExec164287606.dir/CheckSymbolExists.c.o   -c /home/marion/catkin_ws/build/CMakeFiles/CMakeTmp/CheckSymbolExists.c
Linking C executable cmTryCompileExec164287606
/usr/bin/cmake -E cmake_link_script CMakeFiles/cmTryCompileExec164287606.dir/link.txt --verbose=1
/usr/bin/cc       CMakeFiles/cmTryCompileExec164287606.dir/CheckSymbolExists.c.o  -o cmTryCompileExec164287606 -rdynamic 
CMakeFiles/cmTryCompileExec164287606.dir/CheckSymbolExists.c.o : Dans la fonction « main » :
CheckSymbolExists.c:(.text+0x16) : référence indéfinie vers « pthread_create »
collect2: error: ld returned 1 exit status
make[1]: quittant le répertoire « /home/marion/catkin_ws/build/CMakeFiles/CMakeTmp »
make[1]: *** [cmTryCompileExec164287606] Erreur 1
make: *** [cmTryCompileExec164287606/fast] Erreur 2

File /home/marion/catkin_ws/build/CMakeFiles/CMakeTmp/CheckSymbolExists.c:
/* */
#include <pthread.h>

int main(int argc, char** argv)
{
  (void)argv;
#ifndef pthread_create
  return ((int*)(&pthread_create))[argc];
#else
  (void)argc;
  return 0;
#endif
}

Determining if the function pthread_create exists in the pthreads failed with the following output:
Change Dir: /home/marion/catkin_ws/build/CMakeFiles/CMakeTmp

Run Build Command:/usr/bin/make "cmTryCompileExec2520734767/fast"
/usr/bin/make -f CMakeFiles/cmTryCompileExec2520734767.dir/build.make CMakeFiles/cmTryCompileExec2520734767.dir/build
make[1]: entrant dans le répertoire « /home/marion/catkin_ws/build/CMakeFiles/CMakeTmp »
/usr/bin/cmake -E cmake_progress_report /home/marion/catkin_ws/build/CMakeFiles/CMakeTmp/CMakeFiles 1
Building C object CMakeFiles/cmTryCompileExec2520734767.dir/CheckFunctionExists.c.o
/usr/bin/cc   -DCHECK_FUNCTION_EXISTS=pthread_create   -o CMakeFiles/cmTryCompileExec2520734767.dir/CheckFunctionExists.c.o   -c /usr/share/cmake-2.8/Modules/CheckFunctionExists.c
Linking C executable cmTryCompileExec2520734767
/usr/bin/cmake -E cmake_link_script CMakeFiles/cmTryCompileExec2520734767.dir/link.txt --verbose=1
/usr/bin/cc   -DCHECK_FUNCTION_EXISTS=pthread_create    CMakeFiles/cmTryCompileExec2520734767.dir/CheckFunctionExists.c.o  -o cmTryCompileExec2520734767 -rdynamic -lpthreads 
/usr/bin/ld : ne peut trouver -lpthreads
collect2: error: ld returned 1 exit status
make[1]: *** [cmTryCompileExec2520734767] Erreur 1
make[1]: quittant le répertoire « /home/marion/catkin_ws/build/CMakeFiles/CMakeTmp »
make: *** [cmTryCompileExec2520734767/fast] Erreur 2


